<?xml version="1.0" encoding="UTF-8"?>
<!-- Generated by org.testng.reporters.JUnitReportReporter -->
<testsuite hostname="DESKTOP-TAJPC0H" failures="0" tests="1" name="test.ZerodaSignUpTest" time="27.253" errors="0" timestamp="2022-06-23T23:49:57 IST" skipped="0">
  <testcase classname="test.ZerodaSignUpTest" name="sinUpLoginTest" time="27.253"/>
  <system-out/>
</testsuite> <!-- test.ZerodaSignUpTest -->
